<?xml version="1.0" encoding="UTF-8"?>
<!-- Generated by org.testng.reporters.JUnitXMLReporter -->
<testsuite ignored="0" hostname="LAPTOP-55932NHU" failures="1" tests="2" name="ErrorValidation" time="20.294" errors="0" timestamp="2024-12-06T14:02:31 IST">
  <testcase classname="rahulshetty.test.Errorvalidation" name="Errorvalidation" time="1.186"/>
  <testcase classname="rahulshetty.test.Errorvalidation" name="verifyproductaddedcart" time="8.147">
    <failure type="java.lang.AssertionError" message="expected [false] but found [true]">
      <![CDATA[java.lang.AssertionError: expected [false] but found [true]
at rahulshetty.test.Errorvalidation.verifyproductaddedcart(Errorvalidation.java:42)
at java.base/java.util.ArrayList.forEach(ArrayList.java:1596)
... Removed 29 stack frames]]>
    </failure>
  </testcase> <!-- verifyproductaddedcart -->
</testsuite> <!-- ErrorValidation -->
