<?xml version="1.0" encoding="UTF-8"?>
<!-- Generated by org.testng.reporters.JUnitXMLReporter -->
<testsuite ignored="0" hostname="LAPTOP-55932NHU" failures="1" tests="2" name="ErrorValidation" time="17.821" errors="0" timestamp="2024-12-06T17:20:50 IST">
  <testcase classname="rahulshetty.test.Errorvalidation" name="Errorvalidation" time="0.682"/>
  <testcase classname="rahulshetty.test.Errorvalidation" name="verifyproductaddedcart" time="8.662">
    <failure type="java.lang.AssertionError" message="expected [false] but found [true]">
      <![CDATA[java.lang.AssertionError: expected [false] but found [true]
at rahulshetty.test.Errorvalidation.verifyproductaddedcart(Errorvalidation.java:42)
at java.base/java.util.ArrayList.forEach(ArrayList.java:1511)
... Removed 35 stack frames]]>
    </failure>
  </testcase> <!-- verifyproductaddedcart -->
</testsuite> <!-- ErrorValidation -->
