<?xml version="1.0" encoding="UTF-8"?>
<testng-results ignored="0" total="1" passed="1" failed="0" skipped="0">
  <reporter-output>
  </reporter-output>
  <suite started-at="2024-12-06T19:34:25 IST" name="Suite" finished-at="2024-12-06T19:34:42 IST" duration-ms="16383">
    <groups>
    </groups>
    <test started-at="2024-12-06T19:34:25 IST" name="Test" finished-at="2024-12-06T19:34:42 IST" duration-ms="16383">
      <class name="rahulshetty.test.StandaloneTest2">
        <test-method is-config="true" signature="launchapplicvation()[pri:0, instance:rahulshetty.test.StandaloneTest2@7331196b]" started-at="2024-12-06T19:34:25 IST" name="launchapplicvation" finished-at="2024-12-06T19:34:30 IST" duration-ms="5109" status="PASS">
          <reporter-output>
          </reporter-output>
        </test-method> <!-- launchapplicvation -->
        <test-method signature="submitorder()[pri:0, instance:rahulshetty.test.StandaloneTest2@7331196b]" started-at="2024-12-06T19:34:30 IST" name="submitorder" finished-at="2024-12-06T19:34:42 IST" duration-ms="11148" status="PASS">
          <reporter-output>
          </reporter-output>
        </test-method> <!-- submitorder -->
        <test-method is-config="true" signature="tearDown()[pri:0, instance:rahulshetty.test.StandaloneTest2@7331196b]" started-at="2024-12-06T19:34:42 IST" name="tearDown" finished-at="2024-12-06T19:34:42 IST" duration-ms="80" status="PASS">
          <reporter-output>
          </reporter-output>
        </test-method> <!-- tearDown -->
      </class> <!-- rahulshetty.test.StandaloneTest2 -->
    </test> <!-- Test -->
  </suite> <!-- Suite -->
</testng-results>
